campusportal/app/build/intermediates/manifest_merge_blame_file/debug/processDebugMainManifest/manifest-merger-blame-debug-report.txt
1<?xml version="1.0" encoding="utf-8"?>
2<manifest xmlns:android="http://schemas.android.com/apk/res/android"
3    package="com.example.myapplication"
4    android:versionCode="1"
5    android:versionName="1.0" >
6
7    <uses-sdk
8        android:minSdkVersion="24"
9        android:targetSdkVersion="36" />
10
11    <uses-permission android:name="android.permission.INTERNET" />
11-->src\main\AndroidManifest.xml:4:5-66
11-->src\main\AndroidManifest.xml:4:22-64
12    <uses-permission android:name="android.permission.CAMERA" />
12-->src\main\AndroidManifest.xml:5:5-64
12-->src\main\AndroidManifest.xml:5:22-62
13
14    <uses-feature
14-->src\main\AndroidManifest.xml:6:5-7:48
15        android:name="android.hardware.camera"
15-->src\main\AndroidManifest.xml:6:19-57
16        android:required="true" />
16-->src\main\AndroidManifest.xml:7:9-32
17
18    <uses-permission android:name="android.permission.READ_EXTERNAL_STORAGE" />
18-->src\main\AndroidManifest.xml:8:5-79
18-->src\main\AndroidManifest.xml:8:22-77
19    <uses-permission android:name="android.permission.WRITE_EXTERNAL_STORAGE" />
19-->src\main\AndroidManifest.xml:9:5-80
19-->src\main\AndroidManifest.xml:9:22-78
20    <uses-permission android:name="android.permission.READ_MEDIA_IMAGES" />
20-->src\main\AndroidManifest.xml:10:5-75
20-->src\main\AndroidManifest.xml:10:22-73
21    <uses-permission android:name="android.permission.ACCESS_NETWORK_STATE" />
21-->[com.google.firebase:firebase-auth:22.3.0] AndroidManifest.xml:26:5-79
21-->[com.google.firebase:firebase-auth:22.3.0] AndroidManifest.xml:26:22-76
22    <uses-permission android:name="android.permission.WAKE_LOCK" />
22-->[androidx.work:work-runtime:2.7.1] AndroidManifest.xml:25:5-68
22-->[androidx.work:work-runtime:2.7.1] AndroidManifest.xml:25:22-65
23    <uses-permission android:name="android.permission.RECEIVE_BOOT_COMPLETED" />
23-->[androidx.work:work-runtime:2.7.1] AndroidManifest.xml:27:5-81
23-->[androidx.work:work-runtime:2.7.1] AndroidManifest.xml:27:22-78
24    <uses-permission android:name="android.permission.FOREGROUND_SERVICE" />
24-->[androidx.work:work-runtime:2.7.1] AndroidManifest.xml:28:5-77
24-->[androidx.work:work-runtime:2.7.1] AndroidManifest.xml:28:22-74
25
26    <permission
26-->[androidx.core:core:1.16.0] AndroidManifest.xml:22:5-24:47
27        android:name="com.example.myapplication.DYNAMIC_RECEIVER_NOT_EXPORTED_PERMISSION"
27-->[androidx.core:core:1.16.0] AndroidManifest.xml:23:9-81
28        android:protectionLevel="signature" />
28-->[androidx.core:core:1.16.0] AndroidManifest.xml:24:9-44
29
30    <uses-permission android:name="com.example.myapplication.DYNAMIC_RECEIVER_NOT_EXPORTED_PERMISSION" />
30-->[androidx.core:core:1.16.0] AndroidManifest.xml:26:5-97
30-->[androidx.core:core:1.16.0] AndroidManifest.xml:26:22-94
31
32    <application
32-->src\main\AndroidManifest.xml:11:5-77:19
33        android:allowBackup="true"
33-->src\main\AndroidManifest.xml:13:9-35
34        android:appComponentFactory="androidx.core.app.CoreComponentFactory"
34-->[androidx.core:core:1.16.0] AndroidManifest.xml:28:18-86
35        android:dataExtractionRules="@xml/data_extraction_rules"
35-->src\main\AndroidManifest.xml:14:9-65
36        android:debuggable="true"
37        android:extractNativeLibs="false"
38        android:fullBackupContent="@xml/backup_rules"
38-->src\main\AndroidManifest.xml:15:9-54
39        android:icon="@mipmap/ic_launcher"
39-->src\main\AndroidManifest.xml:16:9-43
40        android:label="@string/app_name"
40-->src\main\AndroidManifest.xml:17:9-41
41        android:roundIcon="@mipmap/ic_launcher_round"
41-->src\main\AndroidManifest.xml:18:9-54
42        android:supportsRtl="true"
42-->src\main\AndroidManifest.xml:19:9-35
43        android:theme="@style/Theme.MyApplication" >
43-->src\main\AndroidManifest.xml:20:9-51
44
45        <!-- LAUNCHER: Splash Screen comes first -->
46        <activity
46-->src\main\AndroidManifest.xml:22:9-29:20
47            android:name="com.example.myapplication.Splash_Screen"
47-->src\main\AndroidManifest.xml:23:13-42
48            android:exported="true" >
48-->src\main\AndroidManifest.xml:24:13-36
49            <intent-filter>
49-->src\main\AndroidManifest.xml:25:13-28:29
50                <action android:name="android.intent.action.MAIN" />
50-->src\main\AndroidManifest.xml:26:17-69
50-->src\main\AndroidManifest.xml:26:25-66
51
52                <category android:name="android.intent.category.LAUNCHER" />
52-->src\main\AndroidManifest.xml:27:17-77
52-->src\main\AndroidManifest.xml:27:27-74
53            </intent-filter>
54        </activity>
55
56        <!-- Login Screen -->
57        <activity
57-->src\main\AndroidManifest.xml:32:9-34:40
58            android:name="com.example.myapplication.Login"
58-->src\main\AndroidManifest.xml:33:13-34
59            android:exported="false" />
59-->src\main\AndroidManifest.xml:34:13-37
60
61        <!-- Signup Role Selection -->
62        <activity
62-->src\main\AndroidManifest.xml:37:9-39:40
63            android:name="com.example.myapplication.Signup_main"
63-->src\main\AndroidManifest.xml:38:13-40
64            android:exported="false" />
64-->src\main\AndroidManifest.xml:39:13-37
65
66        <!-- Student Sign Up -->
67        <activity
67-->src\main\AndroidManifest.xml:42:9-44:40
68            android:name="com.example.myapplication.StudentSignUpActivity"
68-->src\main\AndroidManifest.xml:43:13-50
69            android:exported="false" />
69-->src\main\AndroidManifest.xml:44:13-37
70
71        <!-- Teacher Sign Up -->
72        <activity
72-->src\main\AndroidManifest.xml:47:9-49:40
73            android:name="com.example.myapplication.TeacherSignUpActivity"
73-->src\main\AndroidManifest.xml:48:13-50
74            android:exported="false" />
74-->src\main\AndroidManifest.xml:49:13-37
75
76        <!-- Student Dashboard -->
77        <activity
77-->src\main\AndroidManifest.xml:52:9-54:40
78            android:name="com.example.myapplication.StudentDashboardActivity"
78-->src\main\AndroidManifest.xml:53:13-53
79            android:exported="false" />
79-->src\main\AndroidManifest.xml:54:13-37
80
81        <!-- Teacher Dashboard -->
82        <activity
82-->src\main\AndroidManifest.xml:57:9-59:40
83            android:name="com.example.myapplication.Teacher_dashboard"
83-->src\main\AndroidManifest.xml:58:13-46
84            android:exported="false" />
84-->src\main\AndroidManifest.xml:59:13-37
85
86        <!-- Teacher Assignment -->
87        <activity
87-->src\main\AndroidManifest.xml:62:9-64:40
88            android:name="com.example.myapplication.AssignmentListActivity"
88-->src\main\AndroidManifest.xml:63:13-51
89            android:exported="false" />
89-->src\main\AndroidManifest.xml:64:13-37
90
91        <!-- Learning Material -->
92        <activity
92-->src\main\AndroidManifest.xml:67:9-69:40
93            android:name="com.example.myapplication.LearningMaterialActivity"
93-->src\main\AndroidManifest.xml:68:13-53
94            android:exported="false" />
94-->src\main\AndroidManifest.xml:69:13-37
95
96        <!-- Announcements -->
97        <activity
97-->src\main\AndroidManifest.xml:72:9-74:40
98            android:name="com.example.myapplication.AnnouncementActivity"
98-->src\main\AndroidManifest.xml:73:13-49
99            android:exported="false" />
99-->src\main\AndroidManifest.xml:74:13-37
100        <activity
100-->src\main\AndroidManifest.xml:75:9-76:38
101            android:name="com.example.myapplication.ProfileActivity"
101-->src\main\AndroidManifest.xml:75:19-50
102            android:exported="true" />
102-->src\main\AndroidManifest.xml:76:13-36
103        <activity
103-->[com.cloudinary:cloudinary-android-ui:2.3.1] AndroidManifest.xml:10:9-13:56
104            android:name="com.cloudinary.android.uploadwidget.ui.UploadWidgetActivity"
104-->[com.cloudinary:cloudinary-android-ui:2.3.1] AndroidManifest.xml:11:13-87
105            android:configChanges="orientation"
105-->[com.cloudinary:cloudinary-android-ui:2.3.1] AndroidManifest.xml:12:13-48
106            android:theme="@style/UploadWidgetTheme" />
106-->[com.cloudinary:cloudinary-android-ui:2.3.1] AndroidManifest.xml:13:13-53
107        <activity
107-->[com.google.firebase:firebase-auth:22.3.0] AndroidManifest.xml:29:9-46:20
108            android:name="com.google.firebase.auth.internal.GenericIdpActivity"
108-->[com.google.firebase:firebase-auth:22.3.0] AndroidManifest.xml:30:13-80
109            android:excludeFromRecents="true"
109-->[com.google.firebase:firebase-auth:22.3.0] AndroidManifest.xml:31:13-46
110            android:exported="true"
110-->[com.google.firebase:firebase-auth:22.3.0] AndroidManifest.xml:32:13-36
111            android:launchMode="singleTask"
111-->[com.google.firebase:firebase-auth:22.3.0] AndroidManifest.xml:33:13-44
112            android:theme="@android:style/Theme.Translucent.NoTitleBar" >
112-->[com.google.firebase:firebase-auth:22.3.0] AndroidManifest.xml:34:13-72
113            <intent-filter>
113-->[com.google.firebase:firebase-auth:22.3.0] AndroidManifest.xml:35:13-45:29
114                <action android:name="android.intent.action.VIEW" />
114-->[com.google.firebase:firebase-auth:22.3.0] AndroidManifest.xml:36:17-69
114-->[com.google.firebase:firebase-auth:22.3.0] AndroidManifest.xml:36:25-66
115
116                <category android:name="android.intent.category.DEFAULT" />
116-->[com.google.firebase:firebase-auth:22.3.0] AndroidManifest.xml:38:17-76
116-->[com.google.firebase:firebase-auth:22.3.0] AndroidManifest.xml:38:27-73
117                <category android:name="android.intent.category.BROWSABLE" />
117-->[com.google.firebase:firebase-auth:22.3.0] AndroidManifest.xml:39:17-78
117-->[com.google.firebase:firebase-auth:22.3.0] AndroidManifest.xml:39:27-75
118
119                <data
119-->[com.google.firebase:firebase-auth:22.3.0] AndroidManifest.xml:41:17-44:51
120                    android:host="firebase.auth"
120-->[com.google.firebase:firebase-auth:22.3.0] AndroidManifest.xml:42:21-49
121                    android:path="/"
121-->[com.google.firebase:firebase-auth:22.3.0] AndroidManifest.xml:43:21-37
122                    android:scheme="genericidp" />
122-->[com.google.firebase:firebase-auth:22.3.0] AndroidManifest.xml:44:21-48
123            </intent-filter>
124        </activity>
125        <activity
125-->[com.google.firebase:firebase-auth:22.3.0] AndroidManifest.xml:47:9-64:20
126            android:name="com.google.firebase.auth.internal.RecaptchaActivity"
126-->[com.google.firebase:firebase-auth:22.3.0] AndroidManifest.xml:48:13-79
127            android:excludeFromRecents="true"
127-->[com.google.firebase:firebase-auth:22.3.0] AndroidManifest.xml:49:13-46
128            android:exported="true"
128-->[com.google.firebase:firebase-auth:22.3.0] AndroidManifest.xml:50:13-36
129            android:launchMode="singleTask"
129-->[com.google.firebase:firebase-auth:22.3.0] AndroidManifest.xml:51:13-44
130            android:theme="@android:style/Theme.Translucent.NoTitleBar" >
130-->[com.google.firebase:firebase-auth:22.3.0] AndroidManifest.xml:52:13-72
131            <intent-filter>
131-->[com.google.firebase:firebase-auth:22.3.0] AndroidManifest.xml:53:13-63:29
132                <action android:name="android.intent.action.VIEW" />
132-->[com.google.firebase:firebase-auth:22.3.0] AndroidManifest.xml:36:17-69
132-->[com.google.firebase:firebase-auth:22.3.0] AndroidManifest.xml:36:25-66
133
134                <category android:name="android.intent.category.DEFAULT" />
134-->[com.google.firebase:firebase-auth:22.3.0] AndroidManifest.xml:38:17-76
134-->[com.google.firebase:firebase-auth:22.3.0] AndroidManifest.xml:38:27-73
135                <category android:name="android.intent.category.BROWSABLE" />
135-->[com.google.firebase:firebase-auth:22.3.0] AndroidManifest.xml:39:17-78
135-->[com.google.firebase:firebase-auth:22.3.0] AndroidManifest.xml:39:27-75
136
137                <data
137-->[com.google.firebase:firebase-auth:22.3.0] AndroidManifest.xml:41:17-44:51
138                    android:host="firebase.auth"
138-->[com.google.firebase:firebase-auth:22.3.0] AndroidManifest.xml:42:21-49
139                    android:path="/"
139-->[com.google.firebase:firebase-auth:22.3.0] AndroidManifest.xml:43:21-37
140                    android:scheme="recaptcha" />
140-->[com.google.firebase:firebase-auth:22.3.0] AndroidManifest.xml:44:21-48
141            </intent-filter>
142        </activity>
143
144        <service
144-->[com.google.firebase:firebase-auth:22.3.0] AndroidManifest.xml:66:9-72:19
145            android:name="com.google.firebase.components.ComponentDiscoveryService"
145-->[com.google.firebase:firebase-auth:22.3.0] AndroidManifest.xml:67:13-84
146            android:directBootAware="true"
146-->[com.google.firebase:firebase-common:22.0.1] AndroidManifest.xml:32:13-43
147            android:exported="false" >
147-->[com.google.firebase:firebase-auth:22.3.0] AndroidManifest.xml:68:13-37
148            <meta-data
148-->[com.google.firebase:firebase-auth:22.3.0] AndroidManifest.xml:69:13-71:85
149                android:name="com.google.firebase.components:com.google.firebase.auth.FirebaseAuthRegistrar"
149-->[com.google.firebase:firebase-auth:22.3.0] AndroidManifest.xml:70:17-109
150                android:value="com.google.firebase.components.ComponentRegistrar" />
150-->[com.google.firebase:firebase-auth:22.3.0] AndroidManifest.xml:71:17-82
151            <meta-data
151-->[com.google.firebase:firebase-database:22.0.1] AndroidManifest.xml:29:13-31:85
152                android:name="com.google.firebase.components:com.google.firebase.database.FirebaseDatabaseKtxRegistrar"
152-->[com.google.firebase:firebase-database:22.0.1] AndroidManifest.xml:30:17-120
153                android:value="com.google.firebase.components.ComponentRegistrar" />
153-->[com.google.firebase:firebase-database:22.0.1] AndroidManifest.xml:31:17-82
154            <meta-data
154-->[com.google.firebase:firebase-database:22.0.1] AndroidManifest.xml:32:13-34:85
155                android:name="com.google.firebase.components:com.google.firebase.database.DatabaseRegistrar"
155-->[com.google.firebase:firebase-database:22.0.1] AndroidManifest.xml:33:17-109
156                android:value="com.google.firebase.components.ComponentRegistrar" />
156-->[com.google.firebase:firebase-database:22.0.1] AndroidManifest.xml:34:17-82
157            <meta-data
157-->[com.google.firebase:firebase-storage:20.3.0] AndroidManifest.xml:30:13-32:85
158                android:name="com.google.firebase.components:com.google.firebase.storage.FirebaseStorageKtxRegistrar"
158-->[com.google.firebase:firebase-storage:20.3.0] AndroidManifest.xml:31:17-118
159                android:value="com.google.firebase.components.ComponentRegistrar" />
159-->[com.google.firebase:firebase-storage:20.3.0] AndroidManifest.xml:32:17-82
160            <meta-data
160-->[com.google.firebase:firebase-storage:20.3.0] AndroidManifest.xml:33:13-35:85
161                android:name="com.google.firebase.components:com.google.firebase.storage.StorageRegistrar"
161-->[com.google.firebase:firebase-storage:20.3.0] AndroidManifest.xml:34:17-107
162                android:value="com.google.firebase.components.ComponentRegistrar" />
162-->[com.google.firebase:firebase-storage:20.3.0] AndroidManifest.xml:35:17-82
163            <meta-data
163-->[com.google.firebase:firebase-appcheck:17.1.0] AndroidManifest.xml:25:13-27:85
164                android:name="com.google.firebase.components:com.google.firebase.appcheck.FirebaseAppCheckKtxRegistrar"
164-->[com.google.firebase:firebase-appcheck:17.1.0] AndroidManifest.xml:26:17-120
165                android:value="com.google.firebase.components.ComponentRegistrar" />
165-->[com.google.firebase:firebase-appcheck:17.1.0] AndroidManifest.xml:27:17-82
166            <meta-data
166-->[com.google.firebase:firebase-appcheck:17.1.0] AndroidManifest.xml:28:13-30:85
167                android:name="com.google.firebase.components:com.google.firebase.appcheck.FirebaseAppCheckRegistrar"
167-->[com.google.firebase:firebase-appcheck:17.1.0] AndroidManifest.xml:29:17-117
168                android:value="com.google.firebase.components.ComponentRegistrar" />
168-->[com.google.firebase:firebase-appcheck:17.1.0] AndroidManifest.xml:30:17-82
169            <meta-data
169-->[com.google.firebase:firebase-common-ktx:20.4.2] AndroidManifest.xml:12:13-14:85
170                android:name="com.google.firebase.components:com.google.firebase.ktx.FirebaseCommonLegacyRegistrar"
170-->[com.google.firebase:firebase-common-ktx:20.4.2] AndroidManifest.xml:13:17-116
171                android:value="com.google.firebase.components.ComponentRegistrar" />
171-->[com.google.firebase:firebase-common-ktx:20.4.2] AndroidManifest.xml:14:17-82
172            <meta-data
172-->[com.google.firebase:firebase-common:22.0.1] AndroidManifest.xml:35:13-37:85
173                android:name="com.google.firebase.components:com.google.firebase.FirebaseCommonKtxRegistrar"
173-->[com.google.firebase:firebase-common:22.0.1] AndroidManifest.xml:36:17-109
174                android:value="com.google.firebase.components.ComponentRegistrar" />
174-->[com.google.firebase:firebase-common:22.0.1] AndroidManifest.xml:37:17-82
175        </service>
176
177        <activity
177-->[com.google.android.gms:play-services-base:18.1.0] AndroidManifest.xml:20:9-22:45
178            android:name="com.google.android.gms.common.api.GoogleApiActivity"
178-->[com.google.android.gms:play-services-base:18.1.0] AndroidManifest.xml:20:19-85
179            android:exported="false"
179-->[com.google.android.gms:play-services-base:18.1.0] AndroidManifest.xml:22:19-43
180            android:theme="@android:style/Theme.Translucent.NoTitleBar" />
180-->[com.google.android.gms:play-services-base:18.1.0] AndroidManifest.xml:21:19-78
181
182        <provider
182-->[com.google.firebase:firebase-common:22.0.1] AndroidManifest.xml:23:9-28:39
183            android:name="com.google.firebase.provider.FirebaseInitProvider"
183-->[com.google.firebase:firebase-common:22.0.1] AndroidManifest.xml:24:13-77
184            android:authorities="com.example.myapplication.firebaseinitprovider"
184-->[com.google.firebase:firebase-common:22.0.1] AndroidManifest.xml:25:13-72
185            android:directBootAware="true"
185-->[com.google.firebase:firebase-common:22.0.1] AndroidManifest.xml:26:13-43
186            android:exported="false"
186-->[com.google.firebase:firebase-common:22.0.1] AndroidManifest.xml:27:13-37
187            android:initOrder="100" />
187-->[com.google.firebase:firebase-common:22.0.1] AndroidManifest.xml:28:13-36
188        <provider
188-->[androidx.emoji2:emoji2:1.3.0] AndroidManifest.xml:24:9-32:20
189            android:name="androidx.startup.InitializationProvider"
189-->[androidx.emoji2:emoji2:1.3.0] AndroidManifest.xml:25:13-67
190            android:authorities="com.example.myapplication.androidx-startup"
190-->[androidx.emoji2:emoji2:1.3.0] AndroidManifest.xml:26:13-68
191            android:exported="false" >
191-->[androidx.emoji2:emoji2:1.3.0] AndroidManifest.xml:27:13-37
192            <meta-data
192-->[androidx.emoji2:emoji2:1.3.0] AndroidManifest.xml:29:13-31:52
193                android:name="androidx.emoji2.text.EmojiCompatInitializer"
193-->[androidx.emoji2:emoji2:1.3.0] AndroidManifest.xml:30:17-75
194                android:value="androidx.startup" />
194-->[androidx.emoji2:emoji2:1.3.0] AndroidManifest.xml:31:17-49
195            <meta-data
195-->[androidx.work:work-runtime:2.7.1] AndroidManifest.xml:36:13-38:52
196                android:name="androidx.work.WorkManagerInitializer"
196-->[androidx.work:work-runtime:2.7.1] AndroidManifest.xml:37:17-68
197                android:value="androidx.startup" />
197-->[androidx.work:work-runtime:2.7.1] AndroidManifest.xml:38:17-49
198            <meta-data
198-->[androidx.lifecycle:lifecycle-process:2.6.2] AndroidManifest.xml:29:13-31:52
199                android:name="androidx.lifecycle.ProcessLifecycleInitializer"
199-->[androidx.lifecycle:lifecycle-process:2.6.2] AndroidManifest.xml:30:17-78
200                android:value="androidx.startup" />
200-->[androidx.lifecycle:lifecycle-process:2.6.2] AndroidManifest.xml:31:17-49
201            <meta-data
201-->[androidx.profileinstaller:profileinstaller:1.4.0] AndroidManifest.xml:29:13-31:52
202                android:name="androidx.profileinstaller.ProfileInstallerInitializer"
202-->[androidx.profileinstaller:profileinstaller:1.4.0] AndroidManifest.xml:30:17-85
203                android:value="androidx.startup" />
203-->[androidx.profileinstaller:profileinstaller:1.4.0] AndroidManifest.xml:31:17-49
204        </provider>
205
206        <service
206-->[androidx.work:work-runtime:2.7.1] AndroidManifest.xml:41:9-46:35
207            android:name="androidx.work.impl.background.systemalarm.SystemAlarmService"
207-->[androidx.work:work-runtime:2.7.1] AndroidManifest.xml:42:13-88
208            android:directBootAware="false"
208-->[androidx.work:work-runtime:2.7.1] AndroidManifest.xml:43:13-44
209            android:enabled="@bool/enable_system_alarm_service_default"
209-->[androidx.work:work-runtime:2.7.1] AndroidManifest.xml:44:13-72
210            android:exported="false" />
210-->[androidx.work:work-runtime:2.7.1] AndroidManifest.xml:45:13-37
211        <service
211-->[androidx.work:work-runtime:2.7.1] AndroidManifest.xml:47:9-53:35
212            android:name="androidx.work.impl.background.systemjob.SystemJobService"
212-->[androidx.work:work-runtime:2.7.1] AndroidManifest.xml:48:13-84
213            android:directBootAware="false"
213-->[androidx.work:work-runtime:2.7.1] AndroidManifest.xml:49:13-44
214            android:enabled="@bool/enable_system_job_service_default"
214-->[androidx.work:work-runtime:2.7.1] AndroidManifest.xml:50:13-70
215            android:exported="true"
215-->[androidx.work:work-runtime:2.7.1] AndroidManifest.xml:51:13-36
216            android:permission="android.permission.BIND_JOB_SERVICE" />
216-->[androidx.work:work-runtime:2.7.1] AndroidManifest.xml:52:13-69
217        <service
217-->[androidx.work:work-runtime:2.7.1] AndroidManifest.xml:54:9-59:35
218            android:name="androidx.work.impl.foreground.SystemForegroundService"
218-->[androidx.work:work-runtime:2.7.1] AndroidManifest.xml:55:13-81
219            android:directBootAware="false"
219-->[androidx.work:work-runtime:2.7.1] AndroidManifest.xml:56:13-44
220            android:enabled="@bool/enable_system_foreground_service_default"
220-->[androidx.work:work-runtime:2.7.1] AndroidManifest.xml:57:13-77
221            android:exported="false" />
221-->[androidx.work:work-runtime:2.7.1] AndroidManifest.xml:58:13-37
222
223        <receiver
223-->[androidx.work:work-runtime:2.7.1] AndroidManifest.xml:61:9-66:35
224            android:name="androidx.work.impl.utils.ForceStopRunnable$BroadcastReceiver"
224-->[androidx.work:work-runtime:2.7.1] AndroidManifest.xml:62:13-88
225            android:directBootAware="false"
225-->[androidx.work:work-runtime:2.7.1] AndroidManifest.xml:63:13-44
226            android:enabled="true"
226-->[androidx.work:work-runtime:2.7.1] AndroidManifest.xml:64:13-35
227            android:exported="false" />
227-->[androidx.work:work-runtime:2.7.1] AndroidManifest.xml:65:13-37
228        <receiver
228-->[androidx.work:work-runtime:2.7.1] AndroidManifest.xml:67:9-77:20
229            android:name="androidx.work.impl.background.systemalarm.ConstraintProxy$BatteryChargingProxy"
229-->[androidx.work:work-runtime:2.7.1] AndroidManifest.xml:68:13-106
230            android:directBootAware="false"
230-->[androidx.work:work-runtime:2.7.1] AndroidManifest.xml:69:13-44
231            android:enabled="false"
231-->[androidx.work:work-runtime:2.7.1] AndroidManifest.xml:70:13-36
232            android:exported="false" >
232-->[androidx.work:work-runtime:2.7.1] AndroidManifest.xml:71:13-37
233            <intent-filter>
233-->[androidx.work:work-runtime:2.7.1] AndroidManifest.xml:73:13-76:29
234                <action android:name="android.intent.action.ACTION_POWER_CONNECTED" />
234-->[androidx.work:work-runtime:2.7.1] AndroidManifest.xml:74:17-87
234-->[androidx.work:work-runtime:2.7.1] AndroidManifest.xml:74:25-84
235                <action android:name="android.intent.action.ACTION_POWER_DISCONNECTED" />
235-->[androidx.work:work-runtime:2.7.1] AndroidManifest.xml:75:17-90
235-->[androidx.work:work-runtime:2.7.1] AndroidManifest.xml:75:25-87
236            </intent-filter>
237        </receiver>
238        <receiver
238-->[androidx.work:work-runtime:2.7.1] AndroidManifest.xml:78:9-88:20
239            android:name="androidx.work.impl.background.systemalarm.ConstraintProxy$BatteryNotLowProxy"
239-->[androidx.work:work-runtime:2.7.1] AndroidManifest.xml:79:13-104
240            android:directBootAware="false"
240-->[androidx.work:work-runtime:2.7.1] AndroidManifest.xml:80:13-44
241            android:enabled="false"
241-->[androidx.work:work-runtime:2.7.1] AndroidManifest.xml:81:13-36
242            android:exported="false" >
242-->[androidx.work:work-runtime:2.7.1] AndroidManifest.xml:82:13-37
243            <intent-filter>
243-->[androidx.work:work-runtime:2.7.1] AndroidManifest.xml:84:13-87:29
244                <action android:name="android.intent.action.BATTERY_OKAY" />
244-->[androidx.work:work-runtime:2.7.1] AndroidManifest.xml:85:17-77
244-->[androidx.work:work-runtime:2.7.1] AndroidManifest.xml:85:25-74
245                <action android:name="android.intent.action.BATTERY_LOW" />
245-->[androidx.work:work-runtime:2.7.1] AndroidManifest.xml:86:17-76
245-->[androidx.work:work-runtime:2.7.1] AndroidManifest.xml:86:25-73
246            </intent-filter>
247        </receiver>
248        <receiver
248-->[androidx.work:work-runtime:2.7.1] AndroidManifest.xml:89:9-99:20
249            android:name="androidx.work.impl.background.systemalarm.ConstraintProxy$StorageNotLowProxy"
249-->[androidx.work:work-runtime:2.7.1] AndroidManifest.xml:90:13-104
250            android:directBootAware="false"
250-->[androidx.work:work-runtime:2.7.1] AndroidManifest.xml:91:13-44
251            android:enabled="false"
251-->[androidx.work:work-runtime:2.7.1] AndroidManifest.xml:92:13-36
252            android:exported="false" >
252-->[androidx.work:work-runtime:2.7.1] AndroidManifest.xml:93:13-37
253            <intent-filter>
253-->[androidx.work:work-runtime:2.7.1] AndroidManifest.xml:95:13-98:29
254                <action android:name="android.intent.action.DEVICE_STORAGE_LOW" />
254-->[androidx.work:work-runtime:2.7.1] AndroidManifest.xml:96:17-83
254-->[androidx.work:work-runtime:2.7.1] AndroidManifest.xml:96:25-80
255                <action android:name="android.intent.action.DEVICE_STORAGE_OK" />
255-->[androidx.work:work-runtime:2.7.1] AndroidManifest.xml:97:17-82
255-->[androidx.work:work-runtime:2.7.1] AndroidManifest.xml:97:25-79
256            </intent-filter>
257        </receiver>
258        <receiver
258-->[androidx.work:work-runtime:2.7.1] AndroidManifest.xml:100:9-109:20
259            android:name="androidx.work.impl.background.systemalarm.ConstraintProxy$NetworkStateProxy"
259-->[androidx.work:work-runtime:2.7.1] AndroidManifest.xml:101:13-103
260            android:directBootAware="false"
260-->[androidx.work:work-runtime:2.7.1] AndroidManifest.xml:102:13-44
261            android:enabled="false"
261-->[androidx.work:work-runtime:2.7.1] AndroidManifest.xml:103:13-36
262            android:exported="false" >
262-->[androidx.work:work-runtime:2.7.1] AndroidManifest.xml:104:13-37
263            <intent-filter>
263-->[androidx.work:work-runtime:2.7.1] AndroidManifest.xml:106:13-108:29
264                <action android:name="android.net.conn.CONNECTIVITY_CHANGE" />
264-->[androidx.work:work-runtime:2.7.1] AndroidManifest.xml:107:17-79
264-->[androidx.work:work-runtime:2.7.1] AndroidManifest.xml:107:25-76
265            </intent-filter>
266        </receiver>
267        <receiver
267-->[androidx.work:work-runtime:2.7.1] AndroidManifest.xml:110:9-121:20
268            android:name="androidx.work.impl.background.systemalarm.RescheduleReceiver"
268-->[androidx.work:work-runtime:2.7.1] AndroidManifest.xml:111:13-88
269            android:directBootAware="false"
269-->[androidx.work:work-runtime:2.7.1] AndroidManifest.xml:112:13-44
270            android:enabled="false"
270-->[androidx.work:work-runtime:2.7.1] AndroidManifest.xml:113:13-36
271            android:exported="false" >
271-->[androidx.work:work-runtime:2.7.1] AndroidManifest.xml:114:13-37
272            <intent-filter>
272-->[androidx.work:work-runtime:2.7.1] AndroidManifest.xml:116:13-120:29
273                <action android:name="android.intent.action.BOOT_COMPLETED" />
273-->[androidx.work:work-runtime:2.7.1] AndroidManifest.xml:117:17-79
273-->[androidx.work:work-runtime:2.7.1] AndroidManifest.xml:117:25-76
274                <action android:name="android.intent.action.TIME_SET" />
274-->[androidx.work:work-runtime:2.7.1] AndroidManifest.xml:118:17-73
274-->[androidx.work:work-runtime:2.7.1] AndroidManifest.xml:118:25-70
275                <action android:name="android.intent.action.TIMEZONE_CHANGED" />
275-->[androidx.work:work-runtime:2.7.1] AndroidManifest.xml:119:17-81
275-->[androidx.work:work-runtime:2.7.1] AndroidManifest.xml:119:25-78
276            </intent-filter>
277        </receiver>
278        <receiver
278-->[androidx.work:work-runtime:2.7.1] AndroidManifest.xml:122:9-131:20
279            android:name="androidx.work.impl.background.systemalarm.ConstraintProxyUpdateReceiver"
279-->[androidx.work:work-runtime:2.7.1] AndroidManifest.xml:123:13-99
280            android:directBootAware="false"
280-->[androidx.work:work-runtime:2.7.1] AndroidManifest.xml:124:13-44
281            android:enabled="@bool/enable_system_alarm_service_default"
281-->[androidx.work:work-runtime:2.7.1] AndroidManifest.xml:125:13-72